<?xml version="1.0" encoding="UTF-8"?>
<!-- Generated by org.testng.reporters.JUnitXMLReporter -->
<testsuite hostname="GST-Vikram" ignored="0" name="Test" tests="4" failures="1" timestamp="24 Oct 2018 11:38:55 GMT" time="40.524" errors="0">
  <testcase name="validateLoginPage" time="0.044" classname="com.crm.qa.testcases.LoginPageTest"/>
  <testcase name="firsttestmethod" time="0.085" classname="com.crm.qa.testcases.FirstTest">
    <failure type="org.openqa.selenium.NoSuchSessionException" message="Session ID is null. Using WebDriver after calling quit()?
Build info: version: &amp;apos;3.14.0&amp;apos;, revision: &amp;apos;aacccce0&amp;apos;, time: &amp;apos;2018-08-02T20:13:22.693Z&amp;apos;
System info: host: &amp;apos;GST-VIKRAM&amp;apos;, ip: &amp;apos;192.168.20.229&amp;apos;, os.name: &amp;apos;Windows 10&amp;apos;, os.arch: &amp;apos;amd64&amp;apos;, os.version: &amp;apos;10.0&amp;apos;, java.version: &amp;apos;1.8.0_181&amp;apos;
Driver info: driver.version: RemoteWebDriver">
      <![CDATA[org.openqa.selenium.NoSuchSessionException: Session ID is null. Using WebDriver after calling quit()?
Build info: version: '3.14.0', revision: 'aacccce0', time: '2018-08-02T20:13:22.693Z'
System info: host: 'GST-VIKRAM', ip: '192.168.20.229', os.name: 'Windows 10', os.arch: 'amd64', os.version: '10.0', java.version: '1.8.0_181'
Driver info: driver.version: RemoteWebDriver
at org.openqa.selenium.remote.HttpCommandExecutor.execute(HttpCommandExecutor.java:125)
at org.openqa.selenium.remote.service.DriverCommandExecutor.execute(DriverCommandExecutor.java:83)
at org.openqa.selenium.remote.RemoteWebDriver.execute(RemoteWebDriver.java:548)
at org.openqa.selenium.remote.RemoteWebDriver.get(RemoteWebDriver.java:276)
at com.crm.qa.testcases.FirstTest.firsttestmethod(FirstTest.java:20)
... Removed 25 stack frames]]>
    </failure>
  </testcase> <!-- firsttestmethod -->
  <testcase name="logotest" time="0.328" classname="com.crm.qa.testcases.LoginPageTest"/>
  <testcase name="LoginTest" time="0.288" classname="com.crm.qa.testcases.LoginPageTest"/>
</testsuite> <!-- Test -->
