<?xml version="1.0" encoding="UTF-8"?>
<testng-results skipped="0" failed="1" ignored="0" total="4" passed="3">
  <reporter-output>
  </reporter-output>
  <suite name="Suite" duration-ms="40524" started-at="2018-10-24T11:38:15Z" finished-at="2018-10-24T11:38:55Z">
    <groups>
    </groups>
    <test name="Test" duration-ms="40524" started-at="2018-10-24T11:38:15Z" finished-at="2018-10-24T11:38:55Z">
      <class name="com.crm.qa.testcases.LoginPageTest">
        <test-method status="PASS" signature="setup()[pri:0, instance:com.crm.qa.testcases.LoginPageTest@17d0685f]" name="setup" is-config="true" duration-ms="12456" started-at="2018-10-24T11:38:15Z" finished-at="2018-10-24T11:38:27Z">
          <reporter-output>
          </reporter-output>
        </test-method> <!-- setup -->
        <test-method status="PASS" signature="validateLoginPage()[pri:0, instance:com.crm.qa.testcases.LoginPageTest@17d0685f]" name="validateLoginPage" duration-ms="44" started-at="2018-10-24T11:38:27Z" finished-at="2018-10-24T11:38:27Z">
          <reporter-output>
          </reporter-output>
        </test-method> <!-- validateLoginPage -->
        <test-method status="PASS" signature="teardown()[pri:0, instance:com.crm.qa.testcases.LoginPageTest@17d0685f]" name="teardown" is-config="true" duration-ms="2071" started-at="2018-10-24T11:38:27Z" finished-at="2018-10-24T11:38:29Z">
          <reporter-output>
          </reporter-output>
        </test-method> <!-- teardown -->
        <test-method status="PASS" signature="setup()[pri:0, instance:com.crm.qa.testcases.LoginPageTest@17d0685f]" name="setup" is-config="true" duration-ms="10343" started-at="2018-10-24T11:38:29Z" finished-at="2018-10-24T11:38:40Z">
          <reporter-output>
          </reporter-output>
        </test-method> <!-- setup -->
        <test-method status="PASS" signature="logotest()[pri:1, instance:com.crm.qa.testcases.LoginPageTest@17d0685f]" name="logotest" duration-ms="328" started-at="2018-10-24T11:38:40Z" finished-at="2018-10-24T11:38:40Z">
          <reporter-output>
          </reporter-output>
        </test-method> <!-- logotest -->
        <test-method status="PASS" signature="teardown()[pri:0, instance:com.crm.qa.testcases.LoginPageTest@17d0685f]" name="teardown" is-config="true" duration-ms="1679" started-at="2018-10-24T11:38:40Z" finished-at="2018-10-24T11:38:42Z">
          <reporter-output>
          </reporter-output>
        </test-method> <!-- teardown -->
        <test-method status="PASS" signature="setup()[pri:0, instance:com.crm.qa.testcases.LoginPageTest@17d0685f]" name="setup" is-config="true" duration-ms="11066" started-at="2018-10-24T11:38:42Z" finished-at="2018-10-24T11:38:53Z">
          <reporter-output>
          </reporter-output>
        </test-method> <!-- setup -->
        <test-method status="PASS" signature="LoginTest()[pri:2, instance:com.crm.qa.testcases.LoginPageTest@17d0685f]" name="LoginTest" duration-ms="288" started-at="2018-10-24T11:38:53Z" finished-at="2018-10-24T11:38:53Z">
          <reporter-output>
          </reporter-output>
        </test-method> <!-- LoginTest -->
        <test-method status="PASS" signature="teardown()[pri:0, instance:com.crm.qa.testcases.LoginPageTest@17d0685f]" name="teardown" is-config="true" duration-ms="2101" started-at="2018-10-24T11:38:53Z" finished-at="2018-10-24T11:38:55Z">
          <reporter-output>
          </reporter-output>
        </test-method> <!-- teardown -->
      </class> <!-- com.crm.qa.testcases.LoginPageTest -->
      <class name="com.crm.qa.testcases.FirstTest">
        <test-method status="PASS" signature="firsttest()[pri:0, instance:com.crm.qa.testcases.FirstTest@3891771e]" name="firsttest" is-config="true" duration-ms="1" started-at="2018-10-24T11:38:29Z" finished-at="2018-10-24T11:38:29Z">
          <reporter-output>
          </reporter-output>
        </test-method> <!-- firsttest -->
        <test-method status="FAIL" signature="firsttestmethod()[pri:0, instance:com.crm.qa.testcases.FirstTest@3891771e]" name="firsttestmethod" duration-ms="85" started-at="2018-10-24T11:38:29Z" finished-at="2018-10-24T11:38:29Z">
          <exception class="org.openqa.selenium.NoSuchSessionException">
            <message>
              <![CDATA[Session ID is null. Using WebDriver after calling quit()?
Build info: version: '3.14.0', revision: 'aacccce0', time: '2018-08-02T20:13:22.693Z'
System info: host: 'GST-VIKRAM', ip: '192.168.20.229', os.name: 'Windows 10', os.arch: 'amd64', os.version: '10.0', java.version: '1.8.0_181'
Driver info: driver.version: RemoteWebDriver]]>
            </message>
            <full-stacktrace>
              <![CDATA[org.openqa.selenium.NoSuchSessionException: Session ID is null. Using WebDriver after calling quit()?
Build info: version: '3.14.0', revision: 'aacccce0', time: '2018-08-02T20:13:22.693Z'
System info: host: 'GST-VIKRAM', ip: '192.168.20.229', os.name: 'Windows 10', os.arch: 'amd64', os.version: '10.0', java.version: '1.8.0_181'
Driver info: driver.version: RemoteWebDriver
at org.openqa.selenium.remote.HttpCommandExecutor.execute(HttpCommandExecutor.java:125)
at org.openqa.selenium.remote.service.DriverCommandExecutor.execute(DriverCommandExecutor.java:83)
at org.openqa.selenium.remote.RemoteWebDriver.execute(RemoteWebDriver.java:548)
at org.openqa.selenium.remote.RemoteWebDriver.get(RemoteWebDriver.java:276)
at com.crm.qa.testcases.FirstTest.firsttestmethod(FirstTest.java:20)
at sun.reflect.NativeMethodAccessorImpl.invoke0(Native Method)
at sun.reflect.NativeMethodAccessorImpl.invoke(NativeMethodAccessorImpl.java:62)
at sun.reflect.DelegatingMethodAccessorImpl.invoke(DelegatingMethodAccessorImpl.java:43)
at java.lang.reflect.Method.invoke(Method.java:498)
at org.testng.internal.MethodInvocationHelper.invokeMethod(MethodInvocationHelper.java:124)
at org.testng.internal.Invoker.invokeMethod(Invoker.java:580)
at org.testng.internal.Invoker.invokeTestMethod(Invoker.java:716)
at org.testng.internal.Invoker.invokeTestMethods(Invoker.java:988)
at org.testng.internal.TestMethodWorker.invokeTestMethods(TestMethodWorker.java:125)
at org.testng.internal.TestMethodWorker.run(TestMethodWorker.java:109)
at org.testng.TestRunner.privateRun(TestRunner.java:648)
at org.testng.TestRunner.run(TestRunner.java:505)
at org.testng.SuiteRunner.runTest(SuiteRunner.java:455)
at org.testng.SuiteRunner.runSequentially(SuiteRunner.java:450)
at org.testng.SuiteRunner.privateRun(SuiteRunner.java:415)
at org.testng.SuiteRunner.run(SuiteRunner.java:364)
at org.testng.SuiteRunnerWorker.runSuite(SuiteRunnerWorker.java:52)
at org.testng.SuiteRunnerWorker.run(SuiteRunnerWorker.java:84)
at org.testng.TestNG.runSuitesSequentially(TestNG.java:1208)
at org.testng.TestNG.runSuitesLocally(TestNG.java:1137)
at org.testng.TestNG.runSuites(TestNG.java:1049)
at org.testng.TestNG.run(TestNG.java:1017)
at org.testng.remote.AbstractRemoteTestNG.run(AbstractRemoteTestNG.java:114)
at org.testng.remote.RemoteTestNG.initAndRun(RemoteTestNG.java:251)
at org.testng.remote.RemoteTestNG.main(RemoteTestNG.java:77)
]]>
            </full-stacktrace>
          </exception> <!-- org.openqa.selenium.NoSuchSessionException -->
          <reporter-output>
          </reporter-output>
        </test-method> <!-- firsttestmethod -->
        <test-method status="PASS" signature="Tear()[pri:0, instance:com.crm.qa.testcases.FirstTest@3891771e]" name="Tear" is-config="true" duration-ms="2" started-at="2018-10-24T11:38:29Z" finished-at="2018-10-24T11:38:29Z">
          <reporter-output>
          </reporter-output>
        </test-method> <!-- Tear -->
      </class> <!-- com.crm.qa.testcases.FirstTest -->
    </test> <!-- Test -->
  </suite> <!-- Suite -->
</testng-results>
